0 info it worked if it ends with ok
1 verbose cli [ 'E:\\Program Files (x86)\\nodejs\\node.exe',
1 verbose cli   'E:\\Program Files (x86)\\nodejs\\node_modules\\npm\\bin\\npm-cli.js',
1 verbose cli   'install' ]
2 info using npm@3.9.3
3 info using node@v6.2.1
4 silly loadCurrentTree Starting
5 silly install loadCurrentTree
6 silly install readLocalPackageData
7 silly install normalizeTree
8 silly loadCurrentTree Finishing
9 silly loadIdealTree Starting
10 silly install loadIdealTree
11 silly cloneCurrentTree Starting
12 silly install cloneCurrentTreeToIdealTree
13 silly cloneCurrentTree Finishing
14 silly loadShrinkwrap Starting
15 silly install loadShrinkwrap
16 silly loadShrinkwrap Finishing
17 silly loadAllDepsIntoIdealTree Starting
18 silly install loadAllDepsIntoIdealTree
19 silly fetchNamedPackageData angular2
20 silly mapToRegistry name angular2
21 silly mapToRegistry using default registry
22 silly mapToRegistry registry https://registry.npmjs.org/
23 silly mapToRegistry data Result {
23 silly mapToRegistry   raw: 'angular2',
23 silly mapToRegistry   scope: null,
23 silly mapToRegistry   name: 'angular2',
23 silly mapToRegistry   rawSpec: '',
23 silly mapToRegistry   spec: 'latest',
23 silly mapToRegistry   type: 'tag' }
24 silly mapToRegistry uri https://registry.npmjs.org/angular2
25 verbose request uri https://registry.npmjs.org/angular2
26 verbose request no auth needed
27 info attempt registry request try #1 at 18:28:27
28 verbose request id 185a268f903d7e45
29 verbose etag "5T98UZ1SMRDD4PYTQ84BVCC1K"
30 http request GET https://registry.npmjs.org/angular2
31 http 304 https://registry.npmjs.org/angular2
32 verbose headers { date: 'Fri, 10 Jun 2016 15:28:26 GMT',
32 verbose headers   via: '1.1 varnish',
32 verbose headers   'cache-control': 'max-age=300',
32 verbose headers   etag: '"5T98UZ1SMRDD4PYTQ84BVCC1K"',
32 verbose headers   age: '280',
32 verbose headers   connection: 'keep-alive',
32 verbose headers   'x-served-by': 'cache-fra1245-FRA',
32 verbose headers   'x-cache': 'HIT',
32 verbose headers   'x-cache-hits': '2',
32 verbose headers   'x-timer': 'S1465572506.236510,VS0,VE0',
32 verbose headers   vary: 'Accept-Encoding' }
33 silly get cb [ 304,
33 silly get   { date: 'Fri, 10 Jun 2016 15:28:26 GMT',
33 silly get     via: '1.1 varnish',
33 silly get     'cache-control': 'max-age=300',
33 silly get     etag: '"5T98UZ1SMRDD4PYTQ84BVCC1K"',
33 silly get     age: '280',
33 silly get     connection: 'keep-alive',
33 silly get     'x-served-by': 'cache-fra1245-FRA',
33 silly get     'x-cache': 'HIT',
33 silly get     'x-cache-hits': '2',
33 silly get     'x-timer': 'S1465572506.236510,VS0,VE0',
33 silly get     vary: 'Accept-Encoding' } ]
34 verbose etag https://registry.npmjs.org/angular2 from cache
35 verbose get saving angular2 to C:\Users\Bogoslavskiy\AppData\Roaming\npm-cache\registry.npmjs.org\angular2\.cache.json
36 verbose correctMkdir C:\Users\Bogoslavskiy\AppData\Roaming\npm-cache correctMkdir not in flight; initializing
37 silly fetchNamedPackageData No valid target from cache, forcing network
38 verbose request uri https://registry.npmjs.org/angular2
39 verbose request no auth needed
40 info attempt registry request try #1 at 18:28:27
41 http request GET https://registry.npmjs.org/angular2
42 http 200 https://registry.npmjs.org/angular2
43 verbose headers { server: 'CouchDB/1.5.0 (Erlang OTP/R16B03)',
43 verbose headers   etag: '"5T98UZ1SMRDD4PYTQ84BVCC1K"',
43 verbose headers   'content-type': 'application/json',
43 verbose headers   'content-encoding': 'gzip',
43 verbose headers   'cache-control': 'max-age=300',
43 verbose headers   'content-length': '9787',
43 verbose headers   'accept-ranges': 'bytes',
43 verbose headers   date: 'Fri, 10 Jun 2016 15:28:26 GMT',
43 verbose headers   via: '1.1 varnish',
43 verbose headers   age: '280',
43 verbose headers   connection: 'keep-alive',
43 verbose headers   'x-served-by': 'cache-fra1245-FRA',
43 verbose headers   'x-cache': 'HIT',
43 verbose headers   'x-cache-hits': '3',
43 verbose headers   'x-timer': 'S1465572506.317697,VS0,VE0',
43 verbose headers   vary: 'Accept-Encoding' }
44 silly get cb [ 200,
44 silly get   { server: 'CouchDB/1.5.0 (Erlang OTP/R16B03)',
44 silly get     etag: '"5T98UZ1SMRDD4PYTQ84BVCC1K"',
44 silly get     'content-type': 'application/json',
44 silly get     'content-encoding': 'gzip',
44 silly get     'cache-control': 'max-age=300',
44 silly get     'content-length': '9787',
44 silly get     'accept-ranges': 'bytes',
44 silly get     date: 'Fri, 10 Jun 2016 15:28:26 GMT',
44 silly get     via: '1.1 varnish',
44 silly get     age: '280',
44 silly get     connection: 'keep-alive',
44 silly get     'x-served-by': 'cache-fra1245-FRA',
44 silly get     'x-cache': 'HIT',
44 silly get     'x-cache-hits': '3',
44 silly get     'x-timer': 'S1465572506.317697,VS0,VE0',
44 silly get     vary: 'Accept-Encoding' } ]
45 verbose get saving angular2 to C:\Users\Bogoslavskiy\AppData\Roaming\npm-cache\registry.npmjs.org\angular2\.cache.json
46 verbose correctMkdir C:\Users\Bogoslavskiy\AppData\Roaming\npm-cache correctMkdir not in flight; initializing
47 silly fetchPackageMetaData Error: No compatible version found: angular2@2.0.0-rc.1
47 silly fetchPackageMetaData Valid install targets:
47 silly fetchPackageMetaData 2.0.0-beta.17, 2.0.0-beta.16, 2.0.0-beta.15, 2.0.0-beta.14, 2.0.0-beta.13, 2.0.0-beta.12, 2.0.0-beta.11, 2.0.0-beta.10, 2.0.0-beta.9, 2.0.0-beta.8, 2.0.0-beta.7, 2.0.0-beta.6, 2.0.0-beta.5, 2.0.0-beta.4, 2.0.0-beta.3, 2.0.0-beta.2, 2.0.0-beta.1, 2.0.0-beta.0, 2.0.0-alpha.55, 2.0.0-alpha.54, 2.0.0-alpha.53, 2.0.0-alpha.52, 2.0.0-alpha.51, 2.0.0-alpha.50, 2.0.0-alpha.49, 2.0.0-alpha.48, 2.0.0-alpha.47, 2.0.0-alpha.46, 2.0.0-alpha.45, 2.0.0-alpha.44, 2.0.0-alpha.42, 2.0.0-alpha.41, 2.0.0-alpha.40, 2.0.0-alpha.39, 2.0.0-alpha.38, 2.0.0-alpha.37, 2.0.0-alpha.36, 2.0.0-alpha.35, 2.0.0-alpha.34, 2.0.0-alpha.33, 2.0.0-alpha.32, 2.0.0-alpha.31, 2.0.0-alpha.30, 2.0.0-alpha.29, 2.0.0-alpha.28, 2.0.0-alpha.27, 2.0.0-alpha.26, 2.0.0-alpha.25, 2.0.0-alpha.24, 2.0.0-alpha.23, 2.0.0-alpha.22, 2.0.0-alpha.21, 2.0.0-alpha.20, 2.0.0-alpha.19, 2.0.0-alpha.18, 2.0.0-alpha.17, 2.0.0-alpha.16, 2.0.0-alpha.15, 2.0.0-alpha.14, 2.0.0-alpha.13, 2.0.0-alpha.12, 2.0.0-alpha.11, 2.0.0-alpha.8.prod, 2.0.0-alpha.8.dev
47 silly fetchPackageMetaData
47 silly fetchPackageMetaData     at pickVersionFromRegistryDocument (E:\Program Files (x86)\nodejs\node_modules\npm\lib\fetch-package-metadata.js:170:16)
47 silly fetchPackageMetaData     at E:\Program Files (x86)\nodejs\node_modules\npm\node_modules\iferr\index.js:13:50
47 silly fetchPackageMetaData     at E:\Program Files (x86)\nodejs\node_modules\npm\lib\utils\pulse-till-done.js:19:8
47 silly fetchPackageMetaData     at saved (E:\Program Files (x86)\nodejs\node_modules\npm\lib\cache\caching-client.js:174:7)
47 silly fetchPackageMetaData     at E:\Program Files (x86)\nodejs\node_modules\npm\node_modules\graceful-fs\polyfills.js:210:7
47 silly fetchPackageMetaData     at FSReqWrap.oncomplete (fs.js:117:15)
47 silly fetchPackageMetaData  error for angular2@2.0.0-rc.1 Error: No compatible version found: angular2@2.0.0-rc.1
47 silly fetchPackageMetaData Valid install targets:
47 silly fetchPackageMetaData 2.0.0-beta.17, 2.0.0-beta.16, 2.0.0-beta.15, 2.0.0-beta.14, 2.0.0-beta.13, 2.0.0-beta.12, 2.0.0-beta.11, 2.0.0-beta.10, 2.0.0-beta.9, 2.0.0-beta.8, 2.0.0-beta.7, 2.0.0-beta.6, 2.0.0-beta.5, 2.0.0-beta.4, 2.0.0-beta.3, 2.0.0-beta.2, 2.0.0-beta.1, 2.0.0-beta.0, 2.0.0-alpha.55, 2.0.0-alpha.54, 2.0.0-alpha.53, 2.0.0-alpha.52, 2.0.0-alpha.51, 2.0.0-alpha.50, 2.0.0-alpha.49, 2.0.0-alpha.48, 2.0.0-alpha.47, 2.0.0-alpha.46, 2.0.0-alpha.45, 2.0.0-alpha.44, 2.0.0-alpha.42, 2.0.0-alpha.41, 2.0.0-alpha.40, 2.0.0-alpha.39, 2.0.0-alpha.38, 2.0.0-alpha.37, 2.0.0-alpha.36, 2.0.0-alpha.35, 2.0.0-alpha.34, 2.0.0-alpha.33, 2.0.0-alpha.32, 2.0.0-alpha.31, 2.0.0-alpha.30, 2.0.0-alpha.29, 2.0.0-alpha.28, 2.0.0-alpha.27, 2.0.0-alpha.26, 2.0.0-alpha.25, 2.0.0-alpha.24, 2.0.0-alpha.23, 2.0.0-alpha.22, 2.0.0-alpha.21, 2.0.0-alpha.20, 2.0.0-alpha.19, 2.0.0-alpha.18, 2.0.0-alpha.17, 2.0.0-alpha.16, 2.0.0-alpha.15, 2.0.0-alpha.14, 2.0.0-alpha.13, 2.0.0-alpha.12, 2.0.0-alpha.11, 2.0.0-alpha.8.prod, 2.0.0-alpha.8.dev
47 silly fetchPackageMetaData
47 silly fetchPackageMetaData     at pickVersionFromRegistryDocument (E:\Program Files (x86)\nodejs\node_modules\npm\lib\fetch-package-metadata.js:170:16)
47 silly fetchPackageMetaData     at E:\Program Files (x86)\nodejs\node_modules\npm\node_modules\iferr\index.js:13:50
47 silly fetchPackageMetaData     at E:\Program Files (x86)\nodejs\node_modules\npm\lib\utils\pulse-till-done.js:19:8
47 silly fetchPackageMetaData     at saved (E:\Program Files (x86)\nodejs\node_modules\npm\lib\cache\caching-client.js:174:7)
47 silly fetchPackageMetaData     at E:\Program Files (x86)\nodejs\node_modules\npm\node_modules\graceful-fs\polyfills.js:210:7
47 silly fetchPackageMetaData     at FSReqWrap.oncomplete (fs.js:117:15)
48 silly rollbackFailedOptional Starting
49 silly rollbackFailedOptional Finishing
50 silly runTopLevelLifecycles Starting
51 silly runTopLevelLifecycles Finishing
52 silly install printInstalled
53 verbose stack Error: No compatible version found: angular2@2.0.0-rc.1
53 verbose stack Valid install targets:
53 verbose stack 2.0.0-beta.17, 2.0.0-beta.16, 2.0.0-beta.15, 2.0.0-beta.14, 2.0.0-beta.13, 2.0.0-beta.12, 2.0.0-beta.11, 2.0.0-beta.10, 2.0.0-beta.9, 2.0.0-beta.8, 2.0.0-beta.7, 2.0.0-beta.6, 2.0.0-beta.5, 2.0.0-beta.4, 2.0.0-beta.3, 2.0.0-beta.2, 2.0.0-beta.1, 2.0.0-beta.0, 2.0.0-alpha.55, 2.0.0-alpha.54, 2.0.0-alpha.53, 2.0.0-alpha.52, 2.0.0-alpha.51, 2.0.0-alpha.50, 2.0.0-alpha.49, 2.0.0-alpha.48, 2.0.0-alpha.47, 2.0.0-alpha.46, 2.0.0-alpha.45, 2.0.0-alpha.44, 2.0.0-alpha.42, 2.0.0-alpha.41, 2.0.0-alpha.40, 2.0.0-alpha.39, 2.0.0-alpha.38, 2.0.0-alpha.37, 2.0.0-alpha.36, 2.0.0-alpha.35, 2.0.0-alpha.34, 2.0.0-alpha.33, 2.0.0-alpha.32, 2.0.0-alpha.31, 2.0.0-alpha.30, 2.0.0-alpha.29, 2.0.0-alpha.28, 2.0.0-alpha.27, 2.0.0-alpha.26, 2.0.0-alpha.25, 2.0.0-alpha.24, 2.0.0-alpha.23, 2.0.0-alpha.22, 2.0.0-alpha.21, 2.0.0-alpha.20, 2.0.0-alpha.19, 2.0.0-alpha.18, 2.0.0-alpha.17, 2.0.0-alpha.16, 2.0.0-alpha.15, 2.0.0-alpha.14, 2.0.0-alpha.13, 2.0.0-alpha.12, 2.0.0-alpha.11, 2.0.0-alpha.8.prod, 2.0.0-alpha.8.dev
53 verbose stack
53 verbose stack     at pickVersionFromRegistryDocument (E:\Program Files (x86)\nodejs\node_modules\npm\lib\fetch-package-metadata.js:170:16)
53 verbose stack     at E:\Program Files (x86)\nodejs\node_modules\npm\node_modules\iferr\index.js:13:50
53 verbose stack     at E:\Program Files (x86)\nodejs\node_modules\npm\lib\utils\pulse-till-done.js:19:8
53 verbose stack     at saved (E:\Program Files (x86)\nodejs\node_modules\npm\lib\cache\caching-client.js:174:7)
53 verbose stack     at E:\Program Files (x86)\nodejs\node_modules\npm\node_modules\graceful-fs\polyfills.js:210:7
53 verbose stack     at FSReqWrap.oncomplete (fs.js:117:15)
54 verbose cwd E:\OpenServer\domains\confa-markup
55 error Windows_NT 10.0.10586
56 error argv "E:\\Program Files (x86)\\nodejs\\node.exe" "E:\\Program Files (x86)\\nodejs\\node_modules\\npm\\bin\\npm-cli.js" "install"
57 error node v6.2.1
58 error npm  v3.9.3
59 error No compatible version found: angular2@2.0.0-rc.1
59 error Valid install targets:
59 error 2.0.0-beta.17, 2.0.0-beta.16, 2.0.0-beta.15, 2.0.0-beta.14, 2.0.0-beta.13, 2.0.0-beta.12, 2.0.0-beta.11, 2.0.0-beta.10, 2.0.0-beta.9, 2.0.0-beta.8, 2.0.0-beta.7, 2.0.0-beta.6, 2.0.0-beta.5, 2.0.0-beta.4, 2.0.0-beta.3, 2.0.0-beta.2, 2.0.0-beta.1, 2.0.0-beta.0, 2.0.0-alpha.55, 2.0.0-alpha.54, 2.0.0-alpha.53, 2.0.0-alpha.52, 2.0.0-alpha.51, 2.0.0-alpha.50, 2.0.0-alpha.49, 2.0.0-alpha.48, 2.0.0-alpha.47, 2.0.0-alpha.46, 2.0.0-alpha.45, 2.0.0-alpha.44, 2.0.0-alpha.42, 2.0.0-alpha.41, 2.0.0-alpha.40, 2.0.0-alpha.39, 2.0.0-alpha.38, 2.0.0-alpha.37, 2.0.0-alpha.36, 2.0.0-alpha.35, 2.0.0-alpha.34, 2.0.0-alpha.33, 2.0.0-alpha.32, 2.0.0-alpha.31, 2.0.0-alpha.30, 2.0.0-alpha.29, 2.0.0-alpha.28, 2.0.0-alpha.27, 2.0.0-alpha.26, 2.0.0-alpha.25, 2.0.0-alpha.24, 2.0.0-alpha.23, 2.0.0-alpha.22, 2.0.0-alpha.21, 2.0.0-alpha.20, 2.0.0-alpha.19, 2.0.0-alpha.18, 2.0.0-alpha.17, 2.0.0-alpha.16, 2.0.0-alpha.15, 2.0.0-alpha.14, 2.0.0-alpha.13, 2.0.0-alpha.12, 2.0.0-alpha.11, 2.0.0-alpha.8.prod, 2.0.0-alpha.8.dev
60 error If you need help, you may report this error at:
60 error     <https://github.com/npm/npm/issues>
61 verbose exit [ 1, true ]
